[ 2017-11-02T10:27:25+08:00 ] ::1 ::1 GET /
[ log ] loveteemo.com/ [运行时间：0.269115s][吞吐率：3.72req/s] [内存消耗：3,588.36kb] [文件加载：57]
[ info ] [ LANG ] /Users/hxfy/Documents/phpWorkSpace/blog/framework/lang/zh-cn.php
[ info ] [ ROUTE ] array (
  'type' => 'module',
  'module' => 
  array (
    0 => '',
    1 => NULL,
    2 => NULL,
  ),
)
[ info ] [ HEADER ] array (
  'host' => 'loveteemo.com',
  'connection' => 'keep-alive',
  'user-agent' => 'Mozilla/5.0 (Macintosh; Intel Mac OS X 10_11_6) AppleWebKit/537.36 (KHTML, like Gecko) Chrome/61.0.3163.100 Safari/537.36',
  'upgrade-insecure-requests' => '1',
  'accept' => 'text/html,application/xhtml+xml,application/xml;q=0.9,image/webp,image/apng,*/*;q=0.8',
  'accept-encoding' => 'gzip, deflate',
  'accept-language' => 'zh-CN,zh;q=0.8,en;q=0.6',
  'cookie' => 'PHPSESSID=2cf41ce59htdrdcvlaaehutsv3; Hm_lvt_7b034b01fb6f25b5814c93865fa1c5ca=1509545994,1509546281; Hm_lpvt_7b034b01fb6f25b5814c93865fa1c5ca=1509546707; _ga=GA1.2.149674662.1509546419; _gid=GA1.2.774480331.1509546419',
)
[ info ] [ PARAM ] array (
)
[ info ] [ DB ] INIT mysql
[ info ] [ CACHE ] INIT File
[ info ] [ RUN ] app\index\controller\Index->index[ /Users/hxfy/Documents/phpWorkSpace/blog/application/index/controller/Index.php ]
[ info ] [ VIEW ] /Users/hxfy/Documents/phpWorkSpace/blog/public/../application/index/view/index_index.html [ array (
  0 => 'menuinfo',
  1 => 'systeminfo',
  2 => 'bannerlist',
  3 => 'siderdata',
  4 => 'footdata',
  5 => 'tips',
  6 => 'indexdata',
  7 => 'title',
) ]
[ info ] [ SESSION ] INIT array (
  'id' => '',
  'var_session_id' => '',
  'prefix' => 'think',
  'type' => '',
  'auto_start' => true,
)
[ info ] [ LOG ] INIT File
[ sql ] [ DB ] CONNECT:[ UseTime:0.002234s ] mysql:dbname=blog5;host=localhost;charset=utf8
[ sql ] [ SQL ] SHOW COLUMNS FROM `lt_menu` [ RunTime:0.021733s ]
[ sql ] [ SQL ] SELECT * FROM `lt_menu` WHERE  `menu_view` = 1 ORDER BY menu_sort [ RunTime:0.004247s ]
[ sql ] [ SQL ] SHOW COLUMNS FROM `lt_system` [ RunTime:0.002865s ]
[ sql ] [ SQL ] UPDATE `lt_system`  SET `sys_hits`=sys_hits+1  WHERE  `sys_id` = 1 [ RunTime:0.004391s ]
[ sql ] [ SQL ] SELECT * FROM `lt_system` LIMIT 1 [ RunTime:0.000433s ]
[ sql ] [ SQL ] SHOW COLUMNS FROM `lt_banner` [ RunTime:0.002380s ]
[ sql ] [ SQL ] SELECT * FROM `lt_banner` WHERE  `ban_view` = 1 [ RunTime:0.002140s ]
[ sql ] [ SQL ] SHOW COLUMNS FROM `lt_article` [ RunTime:0.006774s ]
[ sql ] [ SQL ] SELECT `art_id`,`art_keyword` FROM `lt_article` WHERE  (  art_view != 0 ) ORDER BY art_hit desc [ RunTime:0.000493s ]
[ sql ] [ SQL ] SELECT `art_id` FROM `lt_article` WHERE  (  art_view > 0 and art_down = 0  ) [ RunTime:0.000942s ]
[ sql ] [ SQL ] SELECT * FROM `lt_article` WHERE  `art_id` IN (0)  AND `art_down` = 0 [ RunTime:0.000507s ]
[ sql ] [ SQL ] SHOW COLUMNS FROM `lt_comment` [ RunTime:0.002644s ]
[ sql ] [ SQL ] SELECT `ac`.`com_id`,`ac`.`com_artid`,`ac`.`com_userid`,`m`.`mem_img`,`m`.`mem_name`,`ac`.`com_content`,`a`.`art_down` FROM `lt_comment` `ac` INNER JOIN `lt_article` `a` ON `a`.`art_id`=ac.com_artid and a.art_view > 0 INNER JOIN `lt_member` `m` ON `m`.`mem_id`=`ac`.`com_userid` WHERE  (  ac.com_view = 1 and ac.com_artid > 0 ) ORDER BY ac.com_id desc LIMIT 5 [ RunTime:0.000467s ]
[ sql ] [ SQL ] SELECT `c`.`com_id`,`c`.`com_content`,`m`.`mem_name`,`m`.`mem_img` FROM `lt_comment` `c` INNER JOIN `lt_member` `m` ON `m`.`mem_id`=`c`.`com_userid` WHERE  `com_artid` = 0 ORDER BY com_id desc LIMIT 5 [ RunTime:0.000462s ]
[ sql ] [ SQL ] SELECT `art_id`,`art_hit`,`art_title` FROM `lt_article` ORDER BY art_hit desc LIMIT 8 [ RunTime:0.000260s ]
[ sql ] [ SQL ] SELECT COUNT(*) AS tp_count FROM `lt_article` WHERE  (  art_view > 0 ) LIMIT 1 [ RunTime:0.000365s ]
[ sql ] [ SQL ] SELECT COUNT(*) AS tp_count FROM `lt_comment` WHERE  (  com_view = 1 and com_artid != 0 ) LIMIT 1 [ RunTime:0.000338s ]
[ sql ] [ SQL ] SELECT COUNT(*) AS tp_count FROM `lt_comment` WHERE  (  com_view= 1 and com_artid = 0 ) LIMIT 1 [ RunTime:0.000283s ]
[ sql ] [ SQL ] SELECT `art_id` FROM `lt_article` WHERE  (  art_view = 2 and art_down = 0  ) [ RunTime:0.000270s ]
[ sql ] [ SQL ] SELECT * FROM `lt_article` WHERE  `art_id` IN (0)  AND `art_down` = 0 [ RunTime:0.000464s ]
[ sql ] [ SQL ] SHOW COLUMNS FROM `lt_link` [ RunTime:0.002397s ]
[ sql ] [ SQL ] SELECT COUNT(*) AS tp_count FROM `lt_link` WHERE  `link_view` = 1 LIMIT 1 [ RunTime:0.000489s ]
[ sql ] [ SQL ] SELECT `art_id`,`art_title` FROM `lt_article` WHERE  `art_down` = 1 ORDER BY art_downloadnums desc LIMIT 4 [ RunTime:0.000534s ]
[ sql ] [ SQL ] SELECT `art_id`,`art_title`,`art_img`,`art_remark`,`art_keyword`,`art_view`,`art_hit`,`menu_name`,`art_original`,`nums` FROM `lt_article` LEFT JOIN (select count(*) nums,com_artid from lt_comment group by com_artid) c ON `c`.`com_artid`=`lt_article`.`art_id` INNER JOIN `lt_menu` `m` ON `m`.`menu_id`=`lt_article`.`art_pid` WHERE  (  art_view > 0 ) ORDER BY art_id desc LIMIT 0,5 [ RunTime:0.000643s ]
[ sql ] [ SQL ] SHOW COLUMNS FROM `lt_tip` [ RunTime:0.002318s ]
[ sql ] [ SQL ] SELECT * FROM `lt_tip` WHERE  `tip_view` = 1 [ RunTime:0.000339s ]

---------------------------------------------------------------
[ 2017-11-02T10:27:43+08:00 ] ::1 ::1 GET /admin/index
[ log ] loveteemo.com/admin/index [运行时间：0.102414s][吞吐率：9.76req/s] [内存消耗：3,333.91kb] [文件加载：56]
[ info ] [ LANG ] /Users/hxfy/Documents/phpWorkSpace/blog/framework/lang/zh-cn.php
[ info ] [ ROUTE ] array (
  'type' => 'module',
  'module' => 
  array (
    0 => 'admin',
    1 => 'index',
    2 => NULL,
  ),
)
[ info ] [ HEADER ] array (
  'host' => 'loveteemo.com',
  'connection' => 'keep-alive',
  'user-agent' => 'Mozilla/5.0 (Macintosh; Intel Mac OS X 10_11_6) AppleWebKit/537.36 (KHTML, like Gecko) Chrome/61.0.3163.100 Safari/537.36',
  'upgrade-insecure-requests' => '1',
  'accept' => 'text/html,application/xhtml+xml,application/xml;q=0.9,image/webp,image/apng,*/*;q=0.8',
  'accept-encoding' => 'gzip, deflate',
  'accept-language' => 'zh-CN,zh;q=0.8,en;q=0.6',
  'cookie' => 'PHPSESSID=2cf41ce59htdrdcvlaaehutsv3; Hm_lvt_7b034b01fb6f25b5814c93865fa1c5ca=1509545994,1509546281; Hm_lpvt_7b034b01fb6f25b5814c93865fa1c5ca=1509546707; _ga=GA1.2.149674662.1509546419; _gid=GA1.2.774480331.1509546419',
)
[ info ] [ PARAM ] array (
)
[ info ] [ SESSION ] INIT array (
  'id' => '',
  'var_session_id' => '',
  'prefix' => 'think',
  'type' => '',
  'auto_start' => true,
)
[ info ] [ DB ] INIT mysql
[ info ] [ RUN ] app\admin\controller\Index->index[ /Users/hxfy/Documents/phpWorkSpace/blog/application/admin/controller/Index.php ]
[ info ] [ CACHE ] INIT File
[ info ] [ VIEW ] /Users/hxfy/Documents/phpWorkSpace/blog/public/../application/admin/view/index/index.html [ array (
  0 => 'a_indexdata',
) ]
[ info ] [ LOG ] INIT File
[ sql ] [ DB ] CONNECT:[ UseTime:0.000768s ] mysql:dbname=blog5;host=localhost;charset=utf8
[ sql ] [ SQL ] SHOW COLUMNS FROM `lt_member` [ RunTime:0.002573s ]
[ sql ] [ SQL ] SELECT `mem_id` FROM `lt_member` WHERE  `mem_auth` = 1 [ RunTime:0.000490s ]
[ sql ] [ SQL ] SHOW COLUMNS FROM `lt_article` [ RunTime:0.002610s ]
[ sql ] [ SQL ] SELECT COUNT(*) AS tp_count FROM `lt_article` LIMIT 1 [ RunTime:0.000399s ]
[ sql ] [ SQL ] SHOW COLUMNS FROM `lt_comment` [ RunTime:0.002561s ]
[ sql ] [ SQL ] SELECT COUNT(*) AS tp_count FROM `lt_comment` WHERE  (  com_view = 1 and com_artid != 0 ) LIMIT 1 [ RunTime:0.000328s ]
[ sql ] [ SQL ] SELECT COUNT(*) AS tp_count FROM `lt_comment` WHERE  (  com_view= 1 and com_artid = 0 ) LIMIT 1 [ RunTime:0.000230s ]
[ sql ] [ SQL ] SHOW COLUMNS FROM `lt_link` [ RunTime:0.001763s ]
[ sql ] [ SQL ] SELECT COUNT(*) AS tp_count FROM `lt_link` LIMIT 1 [ RunTime:0.000528s ]
[ sql ] [ SQL ] SELECT COUNT(*) AS tp_count FROM `lt_member` LIMIT 1 [ RunTime:0.000384s ]

---------------------------------------------------------------
[ 2017-11-02T10:28:13+08:00 ] ::1 ::1 GET /Admin-system-index.html
[ log ] loveteemo.com/Admin-system-index.html [运行时间：0.100604s][吞吐率：9.94req/s] [内存消耗：3,145.58kb] [文件加载：51]
[ info ] [ LANG ] /Users/hxfy/Documents/phpWorkSpace/blog/framework/lang/zh-cn.php
[ info ] [ ROUTE ] array (
  'type' => 'module',
  'module' => 
  array (
    0 => 'Admin',
    1 => 'system',
    2 => 'index',
  ),
)
[ info ] [ HEADER ] array (
  'host' => 'loveteemo.com',
  'connection' => 'keep-alive',
  'upgrade-insecure-requests' => '1',
  'user-agent' => 'Mozilla/5.0 (Macintosh; Intel Mac OS X 10_11_6) AppleWebKit/537.36 (KHTML, like Gecko) Chrome/61.0.3163.100 Safari/537.36',
  'accept' => 'text/html,application/xhtml+xml,application/xml;q=0.9,image/webp,image/apng,*/*;q=0.8',
  'referer' => 'http://loveteemo.com/admin/index',
  'accept-encoding' => 'gzip, deflate',
  'accept-language' => 'zh-CN,zh;q=0.8,en;q=0.6',
  'cookie' => 'PHPSESSID=2cf41ce59htdrdcvlaaehutsv3; Hm_lvt_7b034b01fb6f25b5814c93865fa1c5ca=1509545994,1509546281; Hm_lpvt_7b034b01fb6f25b5814c93865fa1c5ca=1509546707; _ga=GA1.2.149674662.1509546419; _gid=GA1.2.774480331.1509546419',
)
[ info ] [ PARAM ] array (
)
[ info ] [ SESSION ] INIT array (
  'id' => '',
  'var_session_id' => '',
  'prefix' => 'think',
  'type' => '',
  'auto_start' => true,
)
[ info ] [ DB ] INIT mysql
[ info ] [ RUN ] app\admin\controller\System->index[ /Users/hxfy/Documents/phpWorkSpace/blog/application/admin/controller/System.php ]
[ info ] [ VIEW ] /Users/hxfy/Documents/phpWorkSpace/blog/public/../application/admin/view/system/index.html [ array (
  0 => 'qq_inc',
  1 => 'mail_inc',
  2 => 'systeminfo',
) ]
[ info ] [ LOG ] INIT File
[ sql ] [ DB ] CONNECT:[ UseTime:0.000831s ] mysql:dbname=blog5;host=localhost;charset=utf8
[ sql ] [ SQL ] SHOW COLUMNS FROM `lt_member` [ RunTime:0.002299s ]
[ sql ] [ SQL ] SELECT `mem_id` FROM `lt_member` WHERE  `mem_auth` = 1 [ RunTime:0.000381s ]
[ sql ] [ SQL ] SHOW COLUMNS FROM `lt_system` [ RunTime:0.002393s ]
[ sql ] [ SQL ] SELECT * FROM `lt_system` LIMIT 1 [ RunTime:0.000395s ]

---------------------------------------------------------------
[ 2017-11-02T10:28:15+08:00 ] ::1 ::1 GET /Admin-cate-index.html
[ log ] loveteemo.com/Admin-cate-index.html [运行时间：0.095565s][吞吐率：10.46req/s] [内存消耗：3,202.38kb] [文件加载：51]
[ info ] [ LANG ] /Users/hxfy/Documents/phpWorkSpace/blog/framework/lang/zh-cn.php
[ info ] [ ROUTE ] array (
  'type' => 'module',
  'module' => 
  array (
    0 => 'Admin',
    1 => 'cate',
    2 => 'index',
  ),
)
[ info ] [ HEADER ] array (
  'host' => 'loveteemo.com',
  'connection' => 'keep-alive',
  'upgrade-insecure-requests' => '1',
  'user-agent' => 'Mozilla/5.0 (Macintosh; Intel Mac OS X 10_11_6) AppleWebKit/537.36 (KHTML, like Gecko) Chrome/61.0.3163.100 Safari/537.36',
  'accept' => 'text/html,application/xhtml+xml,application/xml;q=0.9,image/webp,image/apng,*/*;q=0.8',
  'referer' => 'http://loveteemo.com/Admin-system-index.html',
  'accept-encoding' => 'gzip, deflate',
  'accept-language' => 'zh-CN,zh;q=0.8,en;q=0.6',
  'cookie' => 'PHPSESSID=2cf41ce59htdrdcvlaaehutsv3; Hm_lvt_7b034b01fb6f25b5814c93865fa1c5ca=1509545994,1509546281; Hm_lpvt_7b034b01fb6f25b5814c93865fa1c5ca=1509546707; _ga=GA1.2.149674662.1509546419; _gid=GA1.2.774480331.1509546419',
)
[ info ] [ PARAM ] array (
)
[ info ] [ SESSION ] INIT array (
  'id' => '',
  'var_session_id' => '',
  'prefix' => 'think',
  'type' => '',
  'auto_start' => true,
)
[ info ] [ DB ] INIT mysql
[ info ] [ RUN ] app\admin\controller\Cate->index[ /Users/hxfy/Documents/phpWorkSpace/blog/application/admin/controller/Cate.php ]
[ info ] [ VIEW ] /Users/hxfy/Documents/phpWorkSpace/blog/public/../application/admin/view/cate/index.html [ array (
  0 => 'menulist',
) ]
[ info ] [ LOG ] INIT File
[ sql ] [ DB ] CONNECT:[ UseTime:0.000458s ] mysql:dbname=blog5;host=localhost;charset=utf8
[ sql ] [ SQL ] SHOW COLUMNS FROM `lt_member` [ RunTime:0.002105s ]
[ sql ] [ SQL ] SELECT `mem_id` FROM `lt_member` WHERE  `mem_auth` = 1 [ RunTime:0.000408s ]
[ sql ] [ SQL ] SHOW COLUMNS FROM `lt_menu` [ RunTime:0.003585s ]
[ sql ] [ SQL ] SELECT * FROM `lt_menu` [ RunTime:0.000721s ]

---------------------------------------------------------------
[ 2017-11-02T10:28:23+08:00 ] ::1 ::1 GET /Admin-banner-index.html
[ log ] loveteemo.com/Admin-banner-index.html [运行时间：0.129188s][吞吐率：7.74req/s] [内存消耗：3,515.07kb] [文件加载：57]
[ info ] [ LANG ] /Users/hxfy/Documents/phpWorkSpace/blog/framework/lang/zh-cn.php
[ info ] [ ROUTE ] array (
  'type' => 'module',
  'module' => 
  array (
    0 => 'Admin',
    1 => 'banner',
    2 => 'index',
  ),
)
[ info ] [ HEADER ] array (
  'host' => 'loveteemo.com',
  'connection' => 'keep-alive',
  'upgrade-insecure-requests' => '1',
  'user-agent' => 'Mozilla/5.0 (Macintosh; Intel Mac OS X 10_11_6) AppleWebKit/537.36 (KHTML, like Gecko) Chrome/61.0.3163.100 Safari/537.36',
  'accept' => 'text/html,application/xhtml+xml,application/xml;q=0.9,image/webp,image/apng,*/*;q=0.8',
  'referer' => 'http://loveteemo.com/Admin-cate-index.html',
  'accept-encoding' => 'gzip, deflate',
  'accept-language' => 'zh-CN,zh;q=0.8,en;q=0.6',
  'cookie' => 'PHPSESSID=2cf41ce59htdrdcvlaaehutsv3; Hm_lvt_7b034b01fb6f25b5814c93865fa1c5ca=1509545994,1509546281; Hm_lpvt_7b034b01fb6f25b5814c93865fa1c5ca=1509546707; _ga=GA1.2.149674662.1509546419; _gid=GA1.2.774480331.1509546419',
)
[ info ] [ PARAM ] array (
)
[ info ] [ SESSION ] INIT array (
  'id' => '',
  'var_session_id' => '',
  'prefix' => 'think',
  'type' => '',
  'auto_start' => true,
)
[ info ] [ DB ] INIT mysql
[ info ] [ RUN ] app\admin\controller\Banner->index[ /Users/hxfy/Documents/phpWorkSpace/blog/application/admin/controller/Banner.php ]
[ info ] [ VIEW ] /Users/hxfy/Documents/phpWorkSpace/blog/public/../application/admin/view/banner/index.html [ array (
  0 => 'bannerlist',
) ]
[ info ] [ LOG ] INIT File
[ sql ] [ DB ] CONNECT:[ UseTime:0.000743s ] mysql:dbname=blog5;host=localhost;charset=utf8
[ sql ] [ SQL ] SHOW COLUMNS FROM `lt_member` [ RunTime:0.002607s ]
[ sql ] [ SQL ] SELECT `mem_id` FROM `lt_member` WHERE  `mem_auth` = 1 [ RunTime:0.000343s ]
[ sql ] [ SQL ] SHOW COLUMNS FROM `lt_banner` [ RunTime:0.003626s ]
[ sql ] [ SQL ] SELECT COUNT(*) AS tp_count FROM `lt_banner` LIMIT 1 [ RunTime:0.000406s ]
[ sql ] [ SQL ] SELECT * FROM `lt_banner` ORDER BY ban_id desc LIMIT 0,10 [ RunTime:0.000455s ]

---------------------------------------------------------------
[ 2017-11-02T10:28:32+08:00 ] ::1 ::1 GET /Admin-tip-index.html
[ log ] loveteemo.com/Admin-tip-index.html [运行时间：0.106968s][吞吐率：9.35req/s] [内存消耗：3,501.89kb] [文件加载：57]
[ info ] [ LANG ] /Users/hxfy/Documents/phpWorkSpace/blog/framework/lang/zh-cn.php
[ info ] [ ROUTE ] array (
  'type' => 'module',
  'module' => 
  array (
    0 => 'Admin',
    1 => 'tip',
    2 => 'index',
  ),
)
[ info ] [ HEADER ] array (
  'host' => 'loveteemo.com',
  'connection' => 'keep-alive',
  'upgrade-insecure-requests' => '1',
  'user-agent' => 'Mozilla/5.0 (Macintosh; Intel Mac OS X 10_11_6) AppleWebKit/537.36 (KHTML, like Gecko) Chrome/61.0.3163.100 Safari/537.36',
  'accept' => 'text/html,application/xhtml+xml,application/xml;q=0.9,image/webp,image/apng,*/*;q=0.8',
  'referer' => 'http://loveteemo.com/Admin-banner-index.html',
  'accept-encoding' => 'gzip, deflate',
  'accept-language' => 'zh-CN,zh;q=0.8,en;q=0.6',
  'cookie' => 'PHPSESSID=2cf41ce59htdrdcvlaaehutsv3; Hm_lvt_7b034b01fb6f25b5814c93865fa1c5ca=1509545994,1509546281; Hm_lpvt_7b034b01fb6f25b5814c93865fa1c5ca=1509546707; _ga=GA1.2.149674662.1509546419; _gid=GA1.2.774480331.1509546419',
)
[ info ] [ PARAM ] array (
)
[ info ] [ SESSION ] INIT array (
  'id' => '',
  'var_session_id' => '',
  'prefix' => 'think',
  'type' => '',
  'auto_start' => true,
)
[ info ] [ DB ] INIT mysql
[ info ] [ RUN ] app\admin\controller\Tip->index[ /Users/hxfy/Documents/phpWorkSpace/blog/application/admin/controller/Tip.php ]
[ info ] [ VIEW ] /Users/hxfy/Documents/phpWorkSpace/blog/public/../application/admin/view/tip/index.html [ array (
  0 => 'tiplist',
) ]
[ info ] [ LOG ] INIT File
[ sql ] [ DB ] CONNECT:[ UseTime:0.000626s ] mysql:dbname=blog5;host=localhost;charset=utf8
[ sql ] [ SQL ] SHOW COLUMNS FROM `lt_member` [ RunTime:0.002543s ]
[ sql ] [ SQL ] SELECT `mem_id` FROM `lt_member` WHERE  `mem_auth` = 1 [ RunTime:0.000638s ]
[ sql ] [ SQL ] SHOW COLUMNS FROM `lt_tip` [ RunTime:0.002732s ]
[ sql ] [ SQL ] SELECT COUNT(*) AS tp_count FROM `lt_tip` LIMIT 1 [ RunTime:0.000330s ]
[ sql ] [ SQL ] SELECT * FROM `lt_tip` ORDER BY tip_id desc LIMIT 0,10 [ RunTime:0.000407s ]

---------------------------------------------------------------
[ 2017-11-02T10:28:34+08:00 ] ::1 ::1 GET /Admin-page-index.html
[ log ] loveteemo.com/Admin-page-index.html [运行时间：0.086953s][吞吐率：11.50req/s] [内存消耗：3,280.34kb] [文件加载：52]
[ info ] [ LANG ] /Users/hxfy/Documents/phpWorkSpace/blog/framework/lang/zh-cn.php
[ info ] [ ROUTE ] array (
  'type' => 'module',
  'module' => 
  array (
    0 => 'Admin',
    1 => 'page',
    2 => 'index',
  ),
)
[ info ] [ HEADER ] array (
  'host' => 'loveteemo.com',
  'connection' => 'keep-alive',
  'upgrade-insecure-requests' => '1',
  'user-agent' => 'Mozilla/5.0 (Macintosh; Intel Mac OS X 10_11_6) AppleWebKit/537.36 (KHTML, like Gecko) Chrome/61.0.3163.100 Safari/537.36',
  'accept' => 'text/html,application/xhtml+xml,application/xml;q=0.9,image/webp,image/apng,*/*;q=0.8',
  'referer' => 'http://loveteemo.com/Admin-tip-index.html',
  'accept-encoding' => 'gzip, deflate',
  'accept-language' => 'zh-CN,zh;q=0.8,en;q=0.6',
  'cookie' => 'PHPSESSID=2cf41ce59htdrdcvlaaehutsv3; Hm_lvt_7b034b01fb6f25b5814c93865fa1c5ca=1509545994,1509546281; Hm_lpvt_7b034b01fb6f25b5814c93865fa1c5ca=1509546707; _ga=GA1.2.149674662.1509546419; _gid=GA1.2.774480331.1509546419',
)
[ info ] [ PARAM ] array (
)
[ info ] [ SESSION ] INIT array (
  'id' => '',
  'var_session_id' => '',
  'prefix' => 'think',
  'type' => '',
  'auto_start' => true,
)
[ info ] [ DB ] INIT mysql
[ info ] [ RUN ] app\admin\controller\Page->index[ /Users/hxfy/Documents/phpWorkSpace/blog/application/admin/controller/Page.php ]
[ info ] [ VIEW ] /Users/hxfy/Documents/phpWorkSpace/blog/public/../application/admin/view/page/index.html [ array (
  0 => 'html',
) ]
[ info ] [ LOG ] INIT File
[ sql ] [ DB ] CONNECT:[ UseTime:0.000381s ] mysql:dbname=blog5;host=localhost;charset=utf8
[ sql ] [ SQL ] SHOW COLUMNS FROM `lt_member` [ RunTime:0.002339s ]
[ sql ] [ SQL ] SELECT `mem_id` FROM `lt_member` WHERE  `mem_auth` = 1 [ RunTime:0.000307s ]

---------------------------------------------------------------
[ 2017-11-02T10:28:52+08:00 ] ::1 ::1 GET /Admin-article-index.html
[ log ] loveteemo.com/Admin-article-index.html [运行时间：0.083622s][吞吐率：11.96req/s] [内存消耗：3,527.68kb] [文件加载：57]
[ info ] [ LANG ] /Users/hxfy/Documents/phpWorkSpace/blog/framework/lang/zh-cn.php
[ info ] [ ROUTE ] array (
  'type' => 'module',
  'module' => 
  array (
    0 => 'Admin',
    1 => 'article',
    2 => 'index',
  ),
)
[ info ] [ HEADER ] array (
  'host' => 'loveteemo.com',
  'connection' => 'keep-alive',
  'upgrade-insecure-requests' => '1',
  'user-agent' => 'Mozilla/5.0 (Macintosh; Intel Mac OS X 10_11_6) AppleWebKit/537.36 (KHTML, like Gecko) Chrome/61.0.3163.100 Safari/537.36',
  'accept' => 'text/html,application/xhtml+xml,application/xml;q=0.9,image/webp,image/apng,*/*;q=0.8',
  'referer' => 'http://loveteemo.com/Admin-page-index.html',
  'accept-encoding' => 'gzip, deflate',
  'accept-language' => 'zh-CN,zh;q=0.8,en;q=0.6',
  'cookie' => 'PHPSESSID=2cf41ce59htdrdcvlaaehutsv3; Hm_lvt_7b034b01fb6f25b5814c93865fa1c5ca=1509545994,1509546281; Hm_lpvt_7b034b01fb6f25b5814c93865fa1c5ca=1509546707; _ga=GA1.2.149674662.1509546419; _gid=GA1.2.774480331.1509546419',
)
[ info ] [ PARAM ] array (
)
[ info ] [ SESSION ] INIT array (
  'id' => '',
  'var_session_id' => '',
  'prefix' => 'think',
  'type' => '',
  'auto_start' => true,
)
[ info ] [ DB ] INIT mysql
[ info ] [ RUN ] app\admin\controller\Article->index[ /Users/hxfy/Documents/phpWorkSpace/blog/application/admin/controller/Article.php ]
[ info ] [ VIEW ] /Users/hxfy/Documents/phpWorkSpace/blog/public/../application/admin/view/article/index.html [ array (
  0 => 'list',
) ]
[ info ] [ LOG ] INIT File
[ sql ] [ DB ] CONNECT:[ UseTime:0.000476s ] mysql:dbname=blog5;host=localhost;charset=utf8
[ sql ] [ SQL ] SHOW COLUMNS FROM `lt_member` [ RunTime:0.002143s ]
[ sql ] [ SQL ] SELECT `mem_id` FROM `lt_member` WHERE  `mem_auth` = 1 [ RunTime:0.000351s ]
[ sql ] [ SQL ] SHOW COLUMNS FROM `lt_article` [ RunTime:0.002644s ]
[ sql ] [ SQL ] SELECT COUNT(*) AS tp_count FROM `lt_article` `a` LEFT JOIN (select count(*) nums,com_artid from lt_comment group by com_artid) c ON `c`.`com_artid`=`a`.`art_id` LIMIT 1 [ RunTime:0.000440s ]
[ sql ] [ SQL ] SELECT * FROM `lt_article` `a` LEFT JOIN (select count(*) nums,com_artid from lt_comment group by com_artid) c ON `c`.`com_artid`=`a`.`art_id` ORDER BY art_id desc LIMIT 0,10 [ RunTime:0.000893s ]

---------------------------------------------------------------
[ 2017-11-02T10:28:56+08:00 ] ::1 ::1 GET /Admin-comment-index.html
[ log ] loveteemo.com/Admin-comment-index.html [运行时间：0.086988s][吞吐率：11.50req/s] [内存消耗：3,538.46kb] [文件加载：58]
[ info ] [ LANG ] /Users/hxfy/Documents/phpWorkSpace/blog/framework/lang/zh-cn.php
[ info ] [ ROUTE ] array (
  'type' => 'module',
  'module' => 
  array (
    0 => 'Admin',
    1 => 'comment',
    2 => 'index',
  ),
)
[ info ] [ HEADER ] array (
  'host' => 'loveteemo.com',
  'connection' => 'keep-alive',
  'upgrade-insecure-requests' => '1',
  'user-agent' => 'Mozilla/5.0 (Macintosh; Intel Mac OS X 10_11_6) AppleWebKit/537.36 (KHTML, like Gecko) Chrome/61.0.3163.100 Safari/537.36',
  'accept' => 'text/html,application/xhtml+xml,application/xml;q=0.9,image/webp,image/apng,*/*;q=0.8',
  'referer' => 'http://loveteemo.com/Admin-article-index.html',
  'accept-encoding' => 'gzip, deflate',
  'accept-language' => 'zh-CN,zh;q=0.8,en;q=0.6',
  'cookie' => 'PHPSESSID=2cf41ce59htdrdcvlaaehutsv3; Hm_lvt_7b034b01fb6f25b5814c93865fa1c5ca=1509545994,1509546281; Hm_lpvt_7b034b01fb6f25b5814c93865fa1c5ca=1509546707; _ga=GA1.2.149674662.1509546419; _gid=GA1.2.774480331.1509546419',
)
[ info ] [ PARAM ] array (
)
[ info ] [ SESSION ] INIT array (
  'id' => '',
  'var_session_id' => '',
  'prefix' => 'think',
  'type' => '',
  'auto_start' => true,
)
[ info ] [ DB ] INIT mysql
[ info ] [ RUN ] app\admin\controller\Comment->index[ /Users/hxfy/Documents/phpWorkSpace/blog/application/admin/controller/Comment.php ]
[ info ] [ VIEW ] /Users/hxfy/Documents/phpWorkSpace/blog/public/../application/admin/view/comment/index.html [ array (
  0 => 'list',
) ]
[ info ] [ LOG ] INIT File
[ sql ] [ DB ] CONNECT:[ UseTime:0.000326s ] mysql:dbname=blog5;host=localhost;charset=utf8
[ sql ] [ SQL ] SHOW COLUMNS FROM `lt_member` [ RunTime:0.002499s ]
[ sql ] [ SQL ] SELECT `mem_id` FROM `lt_member` WHERE  `mem_auth` = 1 [ RunTime:0.000508s ]
[ sql ] [ SQL ] SHOW COLUMNS FROM `lt_comment` [ RunTime:0.002370s ]
[ sql ] [ SQL ] SELECT COUNT(*) AS tp_count FROM `lt_comment` `c` LEFT JOIN `lt_article` `a` ON `c`.`com_artid`=`a`.`art_id` LEFT JOIN `lt_member` `m` ON `c`.`com_userid`=`m`.`mem_id` LIMIT 1 [ RunTime:0.000363s ]
[ sql ] [ SQL ] SELECT * FROM `lt_comment` `c` LEFT JOIN `lt_article` `a` ON `c`.`com_artid`=`a`.`art_id` LEFT JOIN `lt_member` `m` ON `c`.`com_userid`=`m`.`mem_id` ORDER BY com_id desc LIMIT 0,10 [ RunTime:0.000726s ]

---------------------------------------------------------------
[ 2017-11-02T10:28:58+08:00 ] ::1 ::1 GET /Admin-member-index.html
[ log ] loveteemo.com/Admin-member-index.html [运行时间：0.082794s][吞吐率：12.08req/s] [内存消耗：3,439.25kb] [文件加载：56]
[ info ] [ LANG ] /Users/hxfy/Documents/phpWorkSpace/blog/framework/lang/zh-cn.php
[ info ] [ ROUTE ] array (
  'type' => 'module',
  'module' => 
  array (
    0 => 'Admin',
    1 => 'member',
    2 => 'index',
  ),
)
[ info ] [ HEADER ] array (
  'host' => 'loveteemo.com',
  'connection' => 'keep-alive',
  'upgrade-insecure-requests' => '1',
  'user-agent' => 'Mozilla/5.0 (Macintosh; Intel Mac OS X 10_11_6) AppleWebKit/537.36 (KHTML, like Gecko) Chrome/61.0.3163.100 Safari/537.36',
  'accept' => 'text/html,application/xhtml+xml,application/xml;q=0.9,image/webp,image/apng,*/*;q=0.8',
  'referer' => 'http://loveteemo.com/Admin-comment-index.html',
  'accept-encoding' => 'gzip, deflate',
  'accept-language' => 'zh-CN,zh;q=0.8,en;q=0.6',
  'cookie' => 'PHPSESSID=2cf41ce59htdrdcvlaaehutsv3; Hm_lvt_7b034b01fb6f25b5814c93865fa1c5ca=1509545994,1509546281; Hm_lpvt_7b034b01fb6f25b5814c93865fa1c5ca=1509546707; _ga=GA1.2.149674662.1509546419; _gid=GA1.2.774480331.1509546419',
)
[ info ] [ PARAM ] array (
)
[ info ] [ SESSION ] INIT array (
  'id' => '',
  'var_session_id' => '',
  'prefix' => 'think',
  'type' => '',
  'auto_start' => true,
)
[ info ] [ DB ] INIT mysql
[ info ] [ RUN ] app\admin\controller\Member->index[ /Users/hxfy/Documents/phpWorkSpace/blog/application/admin/controller/Member.php ]
[ info ] [ VIEW ] /Users/hxfy/Documents/phpWorkSpace/blog/public/../application/admin/view/member/index.html [ array (
  0 => 'list',
) ]
[ info ] [ LOG ] INIT File
[ sql ] [ DB ] CONNECT:[ UseTime:0.000395s ] mysql:dbname=blog5;host=localhost;charset=utf8
[ sql ] [ SQL ] SHOW COLUMNS FROM `lt_member` [ RunTime:0.002146s ]
[ sql ] [ SQL ] SELECT `mem_id` FROM `lt_member` WHERE  `mem_auth` = 1 [ RunTime:0.000314s ]
[ sql ] [ SQL ] SELECT COUNT(*) AS tp_count FROM `lt_member` LIMIT 1 [ RunTime:0.000285s ]
[ sql ] [ SQL ] SELECT * FROM `lt_member` ORDER BY mem_id desc LIMIT 0,10 [ RunTime:0.000361s ]

---------------------------------------------------------------
[ 2017-11-02T10:29:05+08:00 ] ::1 ::1 GET /Admin-link-index.html
[ log ] loveteemo.com/Admin-link-index.html [运行时间：0.093731s][吞吐率：10.67req/s] [内存消耗：3,508.75kb] [文件加载：57]
[ info ] [ LANG ] /Users/hxfy/Documents/phpWorkSpace/blog/framework/lang/zh-cn.php
[ info ] [ ROUTE ] array (
  'type' => 'module',
  'module' => 
  array (
    0 => 'Admin',
    1 => 'link',
    2 => 'index',
  ),
)
[ info ] [ HEADER ] array (
  'host' => 'loveteemo.com',
  'connection' => 'keep-alive',
  'upgrade-insecure-requests' => '1',
  'user-agent' => 'Mozilla/5.0 (Macintosh; Intel Mac OS X 10_11_6) AppleWebKit/537.36 (KHTML, like Gecko) Chrome/61.0.3163.100 Safari/537.36',
  'accept' => 'text/html,application/xhtml+xml,application/xml;q=0.9,image/webp,image/apng,*/*;q=0.8',
  'referer' => 'http://loveteemo.com/Admin-member-index.html',
  'accept-encoding' => 'gzip, deflate',
  'accept-language' => 'zh-CN,zh;q=0.8,en;q=0.6',
  'cookie' => 'PHPSESSID=2cf41ce59htdrdcvlaaehutsv3; Hm_lvt_7b034b01fb6f25b5814c93865fa1c5ca=1509545994,1509546281; Hm_lpvt_7b034b01fb6f25b5814c93865fa1c5ca=1509546707; _ga=GA1.2.149674662.1509546419; _gid=GA1.2.774480331.1509546419',
)
[ info ] [ PARAM ] array (
)
[ info ] [ SESSION ] INIT array (
  'id' => '',
  'var_session_id' => '',
  'prefix' => 'think',
  'type' => '',
  'auto_start' => true,
)
[ info ] [ DB ] INIT mysql
[ info ] [ RUN ] app\admin\controller\Link->index[ /Users/hxfy/Documents/phpWorkSpace/blog/application/admin/controller/Link.php ]
[ info ] [ VIEW ] /Users/hxfy/Documents/phpWorkSpace/blog/public/../application/admin/view/link/index.html [ array (
  0 => 'list',
) ]
[ info ] [ LOG ] INIT File
[ sql ] [ DB ] CONNECT:[ UseTime:0.000529s ] mysql:dbname=blog5;host=localhost;charset=utf8
[ sql ] [ SQL ] SHOW COLUMNS FROM `lt_member` [ RunTime:0.002748s ]
[ sql ] [ SQL ] SELECT `mem_id` FROM `lt_member` WHERE  `mem_auth` = 1 [ RunTime:0.000442s ]
[ sql ] [ SQL ] SHOW COLUMNS FROM `lt_link` [ RunTime:0.002342s ]
[ sql ] [ SQL ] SELECT COUNT(*) AS tp_count FROM `lt_link` LIMIT 1 [ RunTime:0.000263s ]
[ sql ] [ SQL ] SELECT * FROM `lt_link` ORDER BY link_id desc LIMIT 0,10 [ RunTime:0.000364s ]

---------------------------------------------------------------
[ 2017-11-02T10:29:08+08:00 ] ::1 ::1 GET /Admin-version-index.html
[ log ] loveteemo.com/Admin-version-index.html [运行时间：0.087365s][吞吐率：11.45req/s] [内存消耗：3,482.60kb] [文件加载：57]
[ info ] [ LANG ] /Users/hxfy/Documents/phpWorkSpace/blog/framework/lang/zh-cn.php
[ info ] [ ROUTE ] array (
  'type' => 'module',
  'module' => 
  array (
    0 => 'Admin',
    1 => 'version',
    2 => 'index',
  ),
)
[ info ] [ HEADER ] array (
  'host' => 'loveteemo.com',
  'connection' => 'keep-alive',
  'upgrade-insecure-requests' => '1',
  'user-agent' => 'Mozilla/5.0 (Macintosh; Intel Mac OS X 10_11_6) AppleWebKit/537.36 (KHTML, like Gecko) Chrome/61.0.3163.100 Safari/537.36',
  'accept' => 'text/html,application/xhtml+xml,application/xml;q=0.9,image/webp,image/apng,*/*;q=0.8',
  'referer' => 'http://loveteemo.com/Admin-link-index.html',
  'accept-encoding' => 'gzip, deflate',
  'accept-language' => 'zh-CN,zh;q=0.8,en;q=0.6',
  'cookie' => 'PHPSESSID=2cf41ce59htdrdcvlaaehutsv3; Hm_lvt_7b034b01fb6f25b5814c93865fa1c5ca=1509545994,1509546281; Hm_lpvt_7b034b01fb6f25b5814c93865fa1c5ca=1509546707; _ga=GA1.2.149674662.1509546419; _gid=GA1.2.774480331.1509546419',
)
[ info ] [ PARAM ] array (
)
[ info ] [ SESSION ] INIT array (
  'id' => '',
  'var_session_id' => '',
  'prefix' => 'think',
  'type' => '',
  'auto_start' => true,
)
[ info ] [ DB ] INIT mysql
[ info ] [ RUN ] app\admin\controller\Version->index[ /Users/hxfy/Documents/phpWorkSpace/blog/application/admin/controller/Version.php ]
[ info ] [ VIEW ] /Users/hxfy/Documents/phpWorkSpace/blog/public/../application/admin/view/version/index.html [ array (
  0 => 'versionlist',
) ]
[ info ] [ LOG ] INIT File
[ sql ] [ DB ] CONNECT:[ UseTime:0.000524s ] mysql:dbname=blog5;host=localhost;charset=utf8
[ sql ] [ SQL ] SHOW COLUMNS FROM `lt_member` [ RunTime:0.002301s ]
[ sql ] [ SQL ] SELECT `mem_id` FROM `lt_member` WHERE  `mem_auth` = 1 [ RunTime:0.000429s ]
[ sql ] [ SQL ] SHOW COLUMNS FROM `lt_version` [ RunTime:0.002241s ]
[ sql ] [ SQL ] SELECT COUNT(*) AS tp_count FROM `lt_version` LIMIT 1 [ RunTime:0.000348s ]
[ sql ] [ SQL ] SELECT * FROM `lt_version` ORDER BY ver_id desc LIMIT 0,10 [ RunTime:0.000327s ]

---------------------------------------------------------------
